2025-08-14 21:09:33,379 [Worker-5: Loading available Gradle versions] INFO  o.e.b.c.i.u.g.PublishedGradleVersions - Gradle version information cache is not available. Remote download required.
2025-08-14 21:10:07,675 [Worker-2: Importing Maven projects] INFO  o.e.m.c.i.l.LifecycleMappingFactory - Using org.eclipse.m2e.jdt.JarLifecycleMapping lifecycle mapping for MavenProject: com.AfsarDev:AfsarHotel:0.0.1-SNAPSHOT @ E:\STS\AfsarHotel\pom.xml.
2025-08-14 21:10:09,960 [Worker-2: Importing Maven projects] INFO  o.e.m.j.i.AbstractJavaProjectConfigurator - Adding source folder /AfsarHotel/src/main/java
2025-08-14 21:10:09,966 [Worker-2: Importing Maven projects] INFO  o.e.m.j.i.AbstractJavaProjectConfigurator - Adding resource folder /AfsarHotel/src/main/resources
2025-08-14 21:10:09,968 [Worker-2: Importing Maven projects] INFO  o.e.m.j.i.AbstractJavaProjectConfigurator - Adding resource folder /AfsarHotel/src/main/resources
2025-08-14 21:10:09,970 [Worker-2: Importing Maven projects] INFO  o.e.m.j.i.AbstractJavaProjectConfigurator - Adding source folder /AfsarHotel/src/test/java
2025-08-14 21:10:09,972 [Worker-2: Importing Maven projects] INFO  o.e.m.j.i.AbstractJavaProjectConfigurator - Adding resource folder /AfsarHotel/src/test/resources
2025-08-14 21:10:10,484 [Worker-2: Importing Maven projects] INFO  o.e.m.c.i.p.ProjectConfigurationManager - Imported and configured 1 project(s) in 4 sec
2025-08-14 21:10:10,571 [Worker-4: Updating Maven Project] INFO  o.e.m.c.i.p.ProjectConfigurationManager - Update started
2025-08-14 21:10:11,002 [Worker-4: Updating Maven Project] INFO  o.e.m.c.i.l.LifecycleMappingFactory - Using org.eclipse.m2e.jdt.JarLifecycleMapping lifecycle mapping for MavenProject: com.AfsarDev:AfsarHotel:0.0.1-SNAPSHOT @ E:\STS\AfsarHotel\pom.xml.
2025-08-14 21:10:11,997 [Worker-4: Updating Maven Project] INFO  o.e.m.j.i.AbstractJavaProjectConfigurator - Adding source folder /AfsarHotel/src/main/java
2025-08-14 21:10:11,998 [Worker-4: Updating Maven Project] INFO  o.e.m.j.i.AbstractJavaProjectConfigurator - Adding resource folder /AfsarHotel/src/main/resources
2025-08-14 21:10:11,998 [Worker-4: Updating Maven Project] INFO  o.e.m.j.i.AbstractJavaProjectConfigurator - Adding resource folder /AfsarHotel/src/main/resources
2025-08-14 21:10:11,999 [Worker-4: Updating Maven Project] INFO  o.e.m.j.i.AbstractJavaProjectConfigurator - Adding source folder /AfsarHotel/src/test/java
2025-08-14 21:10:11,999 [Worker-4: Updating Maven Project] INFO  o.e.m.j.i.AbstractJavaProjectConfigurator - Adding resource folder /AfsarHotel/src/test/resources
2025-08-14 21:10:12,646 [Worker-4: Updating Maven Project] INFO  o.e.m.c.i.p.ProjectConfigurationManager - Update completed for 1 poms: local refresh takes 0.00 sec, refresh facades takes 1.00 sec, update config takes 0.00 sec 
2025-08-14 21:10:15,320 [Worker-4: Building] INFO  o.a.m.s.f.DefaultMavenResourcesFiltering - Copying 1 resource from src\main\resources to target\classes
2025-08-14 21:10:15,359 [Worker-4: Building] INFO  o.a.m.s.f.DefaultMavenResourcesFiltering - Copying 1 resource from src\main\resources to target\classes
2025-08-14 21:10:15,369 [Worker-4: Building] INFO  o.a.m.s.f.DefaultMavenResourcesFiltering - skip non existing resourceDirectory E:\STS\AfsarHotel\src\test\resources
2025-08-14 21:12:55,840 [Worker-11: Updating Maven Project] INFO  o.e.m.c.i.p.ProjectConfigurationManager - Update started
2025-08-14 21:12:56,171 [Worker-11: Updating Maven Project] INFO  o.e.m.c.i.l.LifecycleMappingFactory - Using org.eclipse.m2e.jdt.JarLifecycleMapping lifecycle mapping for MavenProject: com.AfsarDev:AfsarHotel:0.0.1-SNAPSHOT @ E:\STS\AfsarHotel\pom.xml.
2025-08-14 21:12:56,700 [Worker-11: Updating Maven Project] INFO  o.e.m.j.i.AbstractJavaProjectConfigurator - Adding source folder /AfsarHotel/src/main/java
2025-08-14 21:12:56,700 [Worker-11: Updating Maven Project] INFO  o.e.m.j.i.AbstractJavaProjectConfigurator - Adding resource folder /AfsarHotel/src/main/resources
2025-08-14 21:12:56,701 [Worker-11: Updating Maven Project] INFO  o.e.m.j.i.AbstractJavaProjectConfigurator - Adding resource folder /AfsarHotel/src/main/resources
2025-08-14 21:12:56,701 [Worker-11: Updating Maven Project] INFO  o.e.m.j.i.AbstractJavaProjectConfigurator - Adding source folder /AfsarHotel/src/test/java
2025-08-14 21:12:56,701 [Worker-11: Updating Maven Project] INFO  o.e.m.j.i.AbstractJavaProjectConfigurator - Adding resource folder /AfsarHotel/src/test/resources
2025-08-14 21:12:56,984 [Worker-11: Updating Maven Project] INFO  o.e.m.c.i.p.ProjectConfigurationManager - Update completed for 1 poms: local refresh takes 0.00 sec, refresh facades takes 0.00 sec, update config takes 0.00 sec 
2025-08-14 21:12:57,502 [Worker-1: Building] INFO  o.a.m.s.f.DefaultMavenResourcesFiltering - Copying 1 resource from src\main\resources to target\classes
2025-08-14 21:12:57,513 [Worker-1: Building] INFO  o.a.m.s.f.DefaultMavenResourcesFiltering - Copying 1 resource from src\main\resources to target\classes
2025-08-14 21:12:57,518 [Worker-1: Building] INFO  o.a.m.s.f.DefaultMavenResourcesFiltering - skip non existing resourceDirectory E:\STS\AfsarHotel\src\test\resources
2025-08-14 21:16:57,520 [Start Help Server] INFO  org.eclipse.jetty.server.Server - jetty-12.0.21; built: 2025-05-09T00:32:00.688Z; git: 1c4719601e31b05b7d68910d2edd980259f1f53c; jvm 21.0.6+7-LTS
2025-08-14 21:16:57,634 [Start Help Server] INFO  o.e.j.server.handler.ContextHandler - Started oeje8n.ContextHandler$CoreContextHandler@7da72d11{/help,/help,b=null,a=AVAILABLE,h=oeje8n.ContextHandler$CoreContextHandler$CoreToNestedHandler@4a76d602{STARTED}}
2025-08-14 21:16:57,635 [Start Help Server] INFO  o.e.j.s.DefaultSessionIdManager - Session workerName=node0
2025-08-14 21:16:57,688 [Start Help Server] INFO  o.e.jetty.server.AbstractConnector - Started ServerConnector@1858e4d6{HTTP/1.1, (http/1.1)}{127.0.0.1:58530}
2025-08-14 21:16:57,704 [Start Help Server] INFO  org.eclipse.jetty.server.Server - Started oejs.Server@1827dfcf{STARTING}[12.0.21,sto=0] @472669ms
2025-08-14 21:19:47,868 [Worker-2: Building] INFO  o.a.m.s.f.DefaultMavenResourcesFiltering - Copying 1 resource from src\main\resources to target\classes
2025-08-14 21:19:47,878 [Worker-2: Building] INFO  o.a.m.s.f.DefaultMavenResourcesFiltering - Copying 1 resource from src\main\resources to target\classes
2025-08-14 21:19:47,881 [Worker-2: Building] INFO  o.a.m.s.f.DefaultMavenResourcesFiltering - skip non existing resourceDirectory E:\STS\AfsarHotel\src\test\resources
2025-08-14 21:20:07,890 [Worker-2: Building] INFO  o.a.m.s.f.DefaultMavenResourcesFiltering - Copying 1 resource from src\main\resources to target\classes
2025-08-14 21:20:07,896 [Worker-2: Building] INFO  o.a.m.s.f.DefaultMavenResourcesFiltering - Copying 1 resource from src\main\resources to target\classes
2025-08-14 21:20:07,899 [Worker-2: Building] INFO  o.a.m.s.f.DefaultMavenResourcesFiltering - skip non existing resourceDirectory E:\STS\AfsarHotel\src\test\resources
2025-08-14 21:20:22,321 [Worker-9: Launching AfsarHotel - AfsarHotelApplication] INFO  o.a.m.s.f.DefaultMavenResourcesFiltering - Copying 1 resource from src\main\resources to target\classes
2025-08-14 21:20:22,333 [Worker-9: Launching AfsarHotel - AfsarHotelApplication] INFO  o.a.m.s.f.DefaultMavenResourcesFiltering - Copying 1 resource from src\main\resources to target\classes
2025-08-14 21:20:22,338 [Worker-9: Launching AfsarHotel - AfsarHotelApplication] INFO  o.a.m.s.f.DefaultMavenResourcesFiltering - skip non existing resourceDirectory E:\STS\AfsarHotel\src\test\resources
2025-08-14 21:22:14,179 [Worker-19: Building] INFO  o.a.m.s.f.DefaultMavenResourcesFiltering - Copying 1 resource from src\main\resources to target\classes
2025-08-14 21:22:14,186 [Worker-19: Building] INFO  o.a.m.s.f.DefaultMavenResourcesFiltering - Copying 1 resource from src\main\resources to target\classes
2025-08-14 21:22:14,190 [Worker-19: Building] INFO  o.a.m.s.f.DefaultMavenResourcesFiltering - skip non existing resourceDirectory E:\STS\AfsarHotel\src\test\resources
2025-08-14 21:31:34,802 [Stop Help Server] INFO  org.eclipse.jetty.server.Server - Stopped oejs.Server@1827dfcf{STOPPING}[12.0.21,sto=0]
2025-08-14 21:31:34,825 [Stop Help Server] INFO  o.e.jetty.server.AbstractConnector - Stopped ServerConnector@1858e4d6{HTTP/1.1, (http/1.1)}{127.0.0.1:0}
